<?xml version="1.0" encoding="utf-8"?><testsuites name="pytest tests"><testsuite name="pytest" errors="0" failures="4" skipped="0" tests="18" time="10.697" timestamp="2026-09-03T07:28:05.470189+00:00" hostname="agent-env-7b010e2a-ada0-4bb3-8880-06ac9e725627"><testcase classname="tests.test_auth_wraps.TestAuthMe" name="test_me_unauthenticated_401" time="0.198" /><testcase classname="tests.backend_test.TestGenerateWrapValidation" name="test_missing_body_returns_422" time="0.280" /><testcase classname="tests.test_auth_wraps.TestAuthMe" name="test_me_invalid_token_401" time="0.085" /><testcase classname="tests.backend_test.TestGenerateWrapValidation" name="test_missing_product_fields_returns_422" time="0.046" /><testcase classname="tests.test_auth_wraps.TestAuthMe" name="test_me_with_bearer_token" time="0.092" /><testcase classname="tests.backend_test.TestGenerateWrapValidation" name="test_bad_base64_returns_structured_error" time="3.458" /><testcase classname="tests.test_auth_wraps.TestAuthMe" name="test_me_with_cookie" time="0.127" /><testcase classname="tests.backend_test.TestCatalog" name="test_root" time="0.088" /><testcase classname="tests.backend_test.TestCatalog" name="test_catalog_structure" time="0.030" /><testcase classname="tests.test_auth_wraps.TestAuthSession" name="test_session_missing_id_400" time="0.092" /><testcase classname="tests.test_auth_wraps.TestAuthSession" name="test_session_invalid_id_401" time="0.296" /><testcase classname="tests.test_auth_wraps.TestWraps" name="test_wraps_unauthenticated_401" time="0.095" /><testcase classname="tests.test_auth_wraps.TestWraps" name="test_wraps_with_token_returns_list" time="0.087" /><testcase classname="tests.test_auth_wraps.TestAutoSave" name="test_generate_authenticated_autosaves_wrap" time="2.623"><failure message="AssertionError: 503 {&quot;detail&quot;:{&quot;code&quot;:&quot;busy&quot;,&quot;message&quot;:&quot;FANCHI AI is currently busy. Please try again in a moment.&quot;}}&#10;assert 503 == 200&#10; +  where 503 = &lt;Response [503]&gt;.status_code">tests/test_auth_wraps.py:102: in test_generate_authenticated_autosaves_wrap
    assert r.status_code == 200, f"{r.status_code} {r.text[:400]}"
E   AssertionError: 503 {"detail":{"code":"busy","message":"FANCHI AI is currently busy. Please try again in a moment."}}
E   assert 503 == 200
E    +  where 503 = &lt;Response [503]&gt;.status_code</failure></testcase><testcase classname="tests.backend_test.TestGenerateWrapValidation" name="test_empty_image_returns_structured_error" time="2.523" /><testcase classname="tests.test_auth_wraps.TestAutoSave" name="test_generate_anonymous_does_not_save" time="2.993"><failure message="AssertionError: 503 {&quot;detail&quot;:{&quot;code&quot;:&quot;busy&quot;,&quot;message&quot;:&quot;FANCHI AI is currently busy. Please try again in a moment.&quot;}}&#10;assert 503 == 200&#10; +  where 503 = &lt;Response [503]&gt;.status_code">tests/test_auth_wraps.py:118: in test_generate_anonymous_does_not_save
    assert r.status_code == 200, f"{r.status_code} {r.text[:400]}"
E   AssertionError: 503 {"detail":{"code":"busy","message":"FANCHI AI is currently busy. Please try again in a moment."}}
E   assert 503 == 200
E    +  where 503 = &lt;Response [503]&gt;.status_code</failure></testcase><testcase classname="tests.backend_test.TestGenerateWrapReal" name="test_generate_success" time="2.037"><failure message="AssertionError: 503 {&quot;detail&quot;:{&quot;code&quot;:&quot;busy&quot;,&quot;message&quot;:&quot;FANCHI AI is currently busy. Please try again in a moment.&quot;}}&#10;assert 503 == 200&#10; +  where 503 = &lt;Response [503]&gt;.status_code">tests/backend_test.py:101: in test_generate_success
    assert r.status_code == 200, f"{r.status_code} {r.text[:400]}"
E   AssertionError: 503 {"detail":{"code":"busy","message":"FANCHI AI is currently busy. Please try again in a moment."}}
E   assert 503 == 200
E    +  where 503 = &lt;Response [503]&gt;.status_code</failure></testcase><testcase classname="tests.backend_test.TestGenerateWrapReal" name="test_generate_with_data_uri_prefix" time="1.836"><failure message="AssertionError: 503 {&quot;detail&quot;:{&quot;code&quot;:&quot;busy&quot;,&quot;message&quot;:&quot;FANCHI AI is currently busy. Please try again in a moment.&quot;}}&#10;assert 503 == 200&#10; +  where 503 = &lt;Response [503]&gt;.status_code">tests/backend_test.py:113: in test_generate_with_data_uri_prefix
    assert r.status_code == 200, f"{r.status_code} {r.text[:400]}"
E   AssertionError: 503 {"detail":{"code":"busy","message":"FANCHI AI is currently busy. Please try again in a moment."}}
E   assert 503 == 200
E    +  where 503 = &lt;Response [503]&gt;.status_code</failure></testcase></testsuite></testsuites>